TN:
SF:src/application.ts
FN:33,(anonymous_0)
FNF:1
FNH:1
FNDA:7,(anonymous_0)
DA:1,1
DA:2,1
DA:6,1
DA:12,1
DA:14,1
DA:15,1
DA:16,1
DA:20,1
DA:21,1
DA:22,1
DA:23,1
DA:24,1
DA:25,1
DA:26,1
DA:30,1
DA:34,7
DA:37,7
DA:40,7
DA:43,7
DA:46,7
DA:48,7
DA:49,7
DA:50,7
DA:52,7
DA:57,7
DA:58,7
DA:60,7
DA:64,7
DA:65,7
DA:66,7
DA:70,7
DA:72,7
LF:32
LH:32
BRDA:33,0,0,0
BRF:1
BRH:0
end_of_record
TN:
SF:src/index.ts
FN:6,main
FN:37,(anonymous_1)
FNF:2
FNH:0
FNDA:0,main
FNDA:0,(anonymous_1)
DA:1,1
DA:2,1
DA:4,1
DA:6,1
DA:7,0
DA:9,0
DA:10,0
DA:12,0
DA:13,0
DA:14,0
DA:16,0
DA:19,1
DA:21,0
DA:37,0
DA:38,0
DA:39,0
LF:16
LH:5
BRDA:6,0,0,0
BRDA:19,1,0,0
BRDA:19,1,1,1
BRDA:23,2,0,0
BRDA:23,2,1,0
BRDA:23,3,0,0
BRDA:23,3,1,0
BRF:7
BRH:1
end_of_record
TN:
SF:src/keys.ts
FNF:0
FNH:0
DA:1,1
DA:4,1
DA:8,1
LF:3
LH:3
BRF:0
BRH:0
end_of_record
TN:
SF:src/sequence.ts
FNF:0
FNH:0
DA:1,1
DA:3,1
LF:2
LH:2
BRF:0
BRH:0
end_of_record
TN:
SF:src/types.ts
FNF:0
FNH:0
DA:29,1
LF:1
LH:1
BRF:0
BRH:0
end_of_record
TN:
SF:src/authorization/authorization.provider.ts
FN:12,(anonymous_0)
FN:17,(anonymous_1)
FN:21,(anonymous_2)
FNF:3
FNH:3
FNDA:23,(anonymous_0)
FNDA:23,(anonymous_1)
FNDA:23,(anonymous_2)
DA:1,1
DA:8,1
DA:9,1
DA:11,1
DA:14,23
DA:18,23
DA:25,23
DA:26,23
DA:28,23
LF:9
LH:9
BRDA:28,0,0,15
BRDA:28,0,1,8
BRDA:28,1,0,0
BRDA:28,1,1,23
BRDA:28,2,0,23
BRDA:28,2,1,23
BRF:6
BRH:5
end_of_record
TN:
SF:src/controllers/actor.controller.ts
FN:27,(anonymous_0)
FN:52,(anonymous_1)
FN:62,(anonymous_2)
FN:96,(anonymous_3)
FN:101,(anonymous_4)
FN:128,(anonymous_5)
FN:132,(anonymous_6)
FN:166,(anonymous_7)
FN:171,(anonymous_8)
FN:203,(anonymous_9)
FN:204,(anonymous_10)
FN:219,(anonymous_11)
FNF:12
FNH:7
FNDA:6,(anonymous_0)
FNDA:2,(anonymous_1)
FNDA:2,(anonymous_2)
FNDA:1,(anonymous_3)
FNDA:1,(anonymous_4)
FNDA:2,(anonymous_5)
FNDA:2,(anonymous_6)
FNDA:0,(anonymous_7)
FNDA:0,(anonymous_8)
FNDA:0,(anonymous_9)
FNDA:0,(anonymous_10)
FNDA:0,(anonymous_11)
DA:1,1
DA:2,1
DA:3,1
DA:4,1
DA:5,1
DA:16,1
DA:17,1
DA:18,1
DA:19,1
DA:20,1
DA:21,1
DA:22,1
DA:26,1
DA:29,6
DA:31,6
DA:33,6
DA:35,6
DA:37,6
DA:52,1
DA:62,2
DA:63,2
DA:73,2
DA:74,2
DA:75,2
DA:81,2
DA:96,1
DA:101,1
DA:102,1
DA:103,1
DA:104,0
DA:106,0
DA:112,1
DA:115,1
DA:128,1
DA:132,2
DA:133,2
DA:139,2
DA:141,1
DA:143,1
DA:144,1
DA:145,1
DA:148,1
DA:149,1
DA:152,2
DA:166,1
DA:171,0
DA:172,0
DA:178,0
DA:180,0
DA:181,0
DA:182,0
DA:185,0
DA:186,0
DA:188,0
DA:190,0
DA:203,1
DA:204,0
DA:205,0
DA:206,0
DA:208,0
DA:209,0
DA:210,0
DA:212,0
DA:213,0
DA:216,0
DA:222,0
DA:228,0
LF:67
LH:44
BRDA:103,0,0,0
BRDA:103,0,1,1
BRDA:139,1,0,1
BRDA:139,1,1,1
BRDA:143,2,0,1
BRDA:143,2,1,0
BRDA:180,3,0,0
BRDA:180,3,1,0
BRDA:206,4,0,0
BRDA:206,4,1,0
BRDA:209,5,0,0
BRDA:209,5,1,0
BRF:12
BRH:4
end_of_record
TN:
SF:src/controllers/base.controller.ts
FN:6,(anonymous_0)
FN:11,(anonymous_1)
FN:12,(anonymous_2)
FN:21,(anonymous_3)
FN:23,(anonymous_4)
FN:41,(anonymous_5)
FN:55,(anonymous_6)
FNF:7
FNH:7
FNDA:4,(anonymous_0)
FNDA:4,(anonymous_1)
FNDA:4,(anonymous_2)
FNDA:4,(anonymous_3)
FNDA:3,(anonymous_4)
FNDA:9,(anonymous_5)
FNDA:2,(anonymous_6)
DA:5,1
DA:11,4
DA:12,4
DA:13,4
DA:15,4
DA:22,4
DA:23,4
DA:24,3
DA:30,4
DA:31,4
DA:32,4
DA:34,0
DA:35,0
DA:38,4
DA:50,9
DA:51,9
DA:53,9
DA:54,1
DA:55,2
DA:61,9
DA:62,9
DA:63,3
DA:64,3
DA:67,9
LF:24
LH:22
BRDA:13,0,0,0
BRDA:13,0,1,4
BRDA:27,1,0,0
BRDA:27,1,1,3
BRDA:27,2,0,3
BRDA:27,2,1,3
BRDA:31,3,0,4
BRDA:31,3,1,0
BRDA:48,4,0,0
BRDA:53,5,0,1
BRDA:53,5,1,8
BRDA:61,6,0,1
BRDA:61,6,1,8
BRDA:62,7,0,3
BRDA:62,7,1,6
BRDA:62,8,0,9
BRDA:62,8,1,3
BRF:17
BRH:13
end_of_record
TN:
SF:src/controllers/genre.controller.ts
FN:25,(anonymous_0)
FN:44,(anonymous_1)
FN:48,(anonymous_2)
FN:66,(anonymous_3)
FN:72,(anonymous_4)
FN:92,(anonymous_5)
FN:102,(anonymous_6)
FN:136,(anonymous_7)
FN:142,(anonymous_8)
FN:171,(anonymous_9)
FN:175,(anonymous_10)
FN:190,(anonymous_11)
FNF:12
FNH:7
FNDA:5,(anonymous_0)
FNDA:1,(anonymous_1)
FNDA:1,(anonymous_2)
FNDA:0,(anonymous_3)
FNDA:0,(anonymous_4)
FNDA:2,(anonymous_5)
FNDA:2,(anonymous_6)
FNDA:1,(anonymous_7)
FNDA:1,(anonymous_8)
FNDA:0,(anonymous_9)
FNDA:0,(anonymous_10)
FNDA:0,(anonymous_11)
DA:1,1
DA:2,1
DA:3,1
DA:4,1
DA:5,1
DA:15,1
DA:17,1
DA:18,1
DA:19,1
DA:20,1
DA:24,1
DA:27,5
DA:29,5
DA:31,5
DA:44,1
DA:48,1
DA:49,1
DA:50,1
DA:52,1
DA:66,1
DA:72,0
DA:73,0
DA:74,0
DA:77,0
DA:92,1
DA:102,2
DA:103,2
DA:113,2
DA:114,2
DA:115,2
DA:121,2
DA:136,1
DA:142,1
DA:143,1
DA:144,1
DA:146,1
DA:147,0
DA:149,0
DA:155,1
DA:158,1
DA:171,1
DA:175,0
DA:176,0
DA:177,0
DA:179,0
DA:180,0
DA:181,0
DA:183,0
DA:184,0
DA:187,0
DA:193,0
DA:200,0
LF:52
LH:35
BRDA:144,0,0,0
BRDA:144,0,1,1
BRDA:146,1,0,0
BRDA:146,1,1,1
BRDA:177,2,0,0
BRDA:177,2,1,0
BRDA:180,3,0,0
BRDA:180,3,1,0
BRF:8
BRH:2
end_of_record
TN:
SF:src/controllers/index.ts
FNF:0
FNH:0
DA:1,1
DA:2,1
DA:3,1
DA:4,1
DA:5,1
DA:6,1
LF:6
LH:6
BRF:0
BRH:0
end_of_record
TN:
SF:src/controllers/movie.controller.ts
FN:26,(anonymous_0)
FN:49,(anonymous_1)
FN:53,(anonymous_2)
FN:93,(anonymous_3)
FN:99,(anonymous_4)
FN:141,(anonymous_5)
FN:151,(anonymous_6)
FN:187,(anonymous_7)
FN:191,(anonymous_8)
FN:211,(anonymous_9)
FN:215,(anonymous_10)
FN:238,(anonymous_11)
FN:250,(anonymous_12)
FNF:13
FNH:7
FNDA:4,(anonymous_0)
FNDA:2,(anonymous_1)
FNDA:2,(anonymous_2)
FNDA:0,(anonymous_3)
FNDA:0,(anonymous_4)
FNDA:1,(anonymous_5)
FNDA:1,(anonymous_6)
FNDA:1,(anonymous_7)
FNDA:1,(anonymous_8)
FNDA:0,(anonymous_9)
FNDA:0,(anonymous_10)
FNDA:0,(anonymous_11)
FNDA:0,(anonymous_12)
DA:1,1
DA:2,1
DA:3,1
DA:4,1
DA:5,1
DA:16,1
DA:17,1
DA:18,1
DA:19,1
DA:20,1
DA:21,1
DA:25,1
DA:28,4
DA:30,4
DA:32,4
DA:34,4
DA:36,4
DA:49,1
DA:53,2
DA:54,2
DA:60,2
DA:61,1
DA:63,1
DA:65,1
DA:66,0
DA:69,1
DA:70,0
DA:73,1
DA:74,2
DA:77,1
DA:78,1
DA:80,2
DA:93,1
DA:99,0
DA:100,0
DA:106,0
DA:108,0
DA:109,0
DA:112,0
DA:113,0
DA:116,0
DA:117,0
DA:120,0
DA:121,0
DA:123,0
DA:126,0
DA:141,1
DA:151,1
DA:152,1
DA:162,1
DA:163,1
DA:166,1
DA:172,1
DA:187,1
DA:191,1
DA:192,1
DA:193,1
DA:195,1
DA:198,1
DA:211,1
DA:215,0
DA:216,0
DA:217,0
DA:219,0
DA:220,0
DA:223,0
DA:238,1
DA:250,0
DA:251,0
DA:263,0
DA:269,0
LF:71
LH:46
BRDA:60,0,0,1
BRDA:60,0,1,1
BRDA:65,1,0,0
BRDA:65,1,1,1
BRDA:69,2,0,0
BRDA:69,2,1,1
BRDA:108,3,0,0
BRDA:108,3,1,0
BRDA:108,4,0,0
BRDA:108,4,1,0
BRDA:112,5,0,0
BRDA:112,5,1,0
BRDA:112,6,0,0
BRDA:112,6,1,0
BRDA:193,7,0,0
BRDA:193,7,1,1
BRDA:217,8,0,0
BRDA:217,8,1,0
BRF:18
BRH:5
end_of_record
TN:
SF:src/controllers/ping.controller.ts
FN:41,(anonymous_0)
FN:46,(anonymous_1)
FNF:2
FNH:2
FNDA:1,(anonymous_0)
FNDA:1,(anonymous_1)
DA:1,1
DA:2,1
DA:13,1
DA:40,1
DA:41,1
DA:44,1
DA:48,1
LF:7
LH:7
BRF:0
BRH:0
end_of_record
TN:
SF:src/controllers/review.controller.ts
FN:26,(anonymous_0)
FN:48,(anonymous_1)
FN:52,(anonymous_2)
FN:74,(anonymous_3)
FN:80,(anonymous_4)
FN:99,(anonymous_5)
FN:109,(anonymous_6)
FN:137,(anonymous_7)
FN:141,(anonymous_8)
FNF:9
FNH:3
FNDA:3,(anonymous_0)
FNDA:1,(anonymous_1)
FNDA:1,(anonymous_2)
FNDA:0,(anonymous_3)
FNDA:0,(anonymous_4)
FNDA:0,(anonymous_5)
FNDA:0,(anonymous_6)
FNDA:0,(anonymous_7)
FNDA:0,(anonymous_8)
DA:1,1
DA:2,1
DA:3,1
DA:4,1
DA:5,1
DA:6,1
DA:16,1
DA:18,1
DA:19,1
DA:20,1
DA:21,1
DA:22,1
DA:25,1
DA:28,3
DA:30,3
DA:32,3
DA:34,3
DA:48,1
DA:52,1
DA:53,1
DA:57,1
DA:59,1
DA:74,1
DA:80,0
DA:81,0
DA:82,0
DA:85,0
DA:99,1
DA:109,0
DA:110,0
DA:117,0
DA:123,0
DA:137,1
DA:141,0
DA:142,0
DA:143,0
DA:146,0
LF:37
LH:25
BRF:0
BRH:0
end_of_record
TN:
SF:src/controllers/user.controller.ts
FN:77,(anonymous_0)
FN:113,(anonymous_1)
FN:116,(anonymous_2)
FN:139,(anonymous_3)
FN:143,(anonymous_4)
FN:163,(anonymous_5)
FN:169,(anonymous_6)
FN:212,(anonymous_7)
FN:220,(anonymous_8)
FN:262,(anonymous_9)
FN:272,(anonymous_10)
FN:304,(anonymous_11)
FN:309,(anonymous_12)
FN:327,(anonymous_13)
FN:331,(anonymous_14)
FN:349,(anonymous_15)
FN:353,(anonymous_16)
FN:371,(anonymous_17)
FN:377,(anonymous_18)
FN:381,(anonymous_19)
FN:404,(anonymous_20)
FN:408,(anonymous_21)
FN:411,(anonymous_22)
FN:426,(anonymous_23)
FNF:24
FNH:21
FNDA:31,(anonymous_0)
FNDA:16,(anonymous_1)
FNDA:16,(anonymous_2)
FNDA:1,(anonymous_3)
FNDA:1,(anonymous_4)
FNDA:1,(anonymous_5)
FNDA:1,(anonymous_6)
FNDA:1,(anonymous_7)
FNDA:1,(anonymous_8)
FNDA:4,(anonymous_9)
FNDA:4,(anonymous_10)
FNDA:2,(anonymous_11)
FNDA:2,(anonymous_12)
FNDA:2,(anonymous_13)
FNDA:2,(anonymous_14)
FNDA:3,(anonymous_15)
FNDA:3,(anonymous_16)
FNDA:1,(anonymous_17)
FNDA:1,(anonymous_18)
FNDA:1,(anonymous_19)
FNDA:0,(anonymous_20)
FNDA:0,(anonymous_21)
FNDA:0,(anonymous_22)
FNDA:3,(anonymous_23)
DA:1,1
DA:2,1
DA:7,1
DA:8,1
DA:9,1
DA:10,1
DA:22,1
DA:23,1
DA:24,1
DA:25,1
DA:26,1
DA:30,1
DA:31,1
DA:32,1
DA:37,1
DA:38,1
DA:45,1
DA:46,1
DA:49,1
DA:50,1
DA:54,1
DA:68,1
DA:76,1
DA:79,31
DA:81,31
DA:83,31
DA:85,31
DA:87,31
DA:89,31
DA:91,31
DA:113,1
DA:116,16
DA:117,16
DA:118,12
DA:119,12
DA:120,12
DA:139,1
DA:143,1
DA:144,1
DA:145,1
DA:163,1
DA:169,1
DA:170,1
DA:176,1
DA:178,1
DA:179,1
DA:180,1
DA:183,1
DA:184,1
DA:186,1
DA:191,1
DA:212,1
DA:220,1
DA:221,1
DA:222,1
DA:224,1
DA:230,1
DA:232,1
DA:233,1
DA:234,1
DA:237,1
DA:238,0
DA:239,0
DA:242,1
DA:246,1
DA:262,1
DA:272,4
DA:273,4
DA:283,4
DA:284,4
DA:285,4
DA:304,1
DA:308,2
DA:309,2
DA:327,1
DA:331,2
DA:332,2
DA:333,1
DA:335,1
DA:349,1
DA:353,3
DA:354,3
DA:355,3
DA:371,1
DA:377,1
DA:378,1
DA:379,1
DA:380,1
DA:381,1
DA:382,1
DA:383,0
DA:386,1
DA:387,1
DA:388,1
DA:404,1
DA:408,0
DA:409,0
DA:410,0
DA:411,0
DA:413,0
DA:416,0
DA:430,3
DA:431,3
DA:433,3
DA:434,3
DA:435,2
DA:438,0
LF:107
LH:97
BRDA:178,0,0,1
BRDA:178,0,1,0
BRDA:222,1,0,0
BRDA:222,1,1,1
BRDA:232,2,0,1
BRDA:232,2,1,0
BRDA:237,3,0,0
BRDA:237,3,1,1
BRDA:379,4,0,0
BRDA:379,4,1,1
BRDA:380,5,0,0
BRDA:380,5,1,1
BRDA:380,6,0,1
BRDA:380,6,1,1
BRDA:382,7,0,1
BRDA:382,7,1,0
BRDA:410,8,0,0
BRDA:410,8,1,0
BRDA:410,9,0,0
BRDA:410,9,1,0
BRDA:433,10,0,3
BRDA:433,10,1,0
BRDA:434,11,0,1
BRDA:434,11,1,2
BRDA:434,12,0,3
BRDA:434,12,1,2
BRF:26
BRH:14
end_of_record
TN:
SF:src/datasources/index.ts
FNF:0
FNH:0
DA:1,1
LF:1
LH:1
BRF:0
BRH:0
end_of_record
TN:
SF:src/datasources/mongodb.datasource.ts
FN:28,(anonymous_0)
FNF:1
FNH:1
FNDA:7,(anonymous_0)
DA:1,1
DA:2,1
DA:4,1
DA:21,1
DA:25,1
DA:26,1
DA:32,7
LF:7
LH:7
BRDA:30,0,0,7
BRF:1
BRH:1
end_of_record
TN:
SF:src/interceptors/delete-user.interceptor.ts
FN:21,(anonymous_0)
FN:32,(anonymous_1)
FN:41,(anonymous_2)
FNF:3
FNH:3
FNDA:2,(anonymous_0)
FNDA:2,(anonymous_1)
FNDA:2,(anonymous_2)
DA:1,1
DA:2,1
DA:11,1
DA:18,1
DA:19,1
DA:23,2
DA:33,2
DA:45,2
DA:47,2
DA:53,2
DA:54,2
DA:55,0
DA:56,0
DA:57,0
DA:60,2
DA:62,0
DA:63,0
LF:17
LH:12
BRDA:54,0,0,0
BRDA:54,0,1,2
BRDA:56,1,0,0
BRDA:56,1,1,0
BRF:4
BRH:1
end_of_record
TN:
SF:src/interceptors/index.ts
FNF:0
FNH:0
DA:1,1
DA:2,1
DA:3,1
DA:4,1
DA:5,1
LF:5
LH:5
BRF:0
BRH:0
end_of_record
TN:
SF:src/interceptors/review-approval.interceptor.ts
FN:20,(anonymous_0)
FN:33,(anonymous_1)
FN:42,(anonymous_2)
FNF:3
FNH:0
FNDA:0,(anonymous_0)
FNDA:0,(anonymous_1)
FNDA:0,(anonymous_2)
DA:1,1
DA:9,1
DA:10,1
DA:17,1
DA:18,1
DA:22,0
DA:24,0
DA:34,0
DA:46,0
DA:48,0
DA:50,0
DA:51,0
DA:52,0
DA:54,0
DA:69,0
DA:70,0
DA:72,0
DA:74,0
DA:75,0
LF:19
LH:5
BRF:0
BRH:0
end_of_record
TN:
SF:src/interceptors/update-actor-movie.interceptor.ts
FN:21,(anonymous_0)
FN:33,(anonymous_1)
FN:42,(anonymous_2)
FN:58,(anonymous_3)
FN:79,(anonymous_4)
FNF:5
FNH:0
FNDA:0,(anonymous_0)
FNDA:0,(anonymous_1)
FNDA:0,(anonymous_2)
FNDA:0,(anonymous_3)
FNDA:0,(anonymous_4)
DA:1,1
DA:9,1
DA:11,1
DA:18,1
DA:19,1
DA:22,0
DA:24,0
DA:34,0
DA:46,0
DA:48,0
DA:50,0
DA:51,0
DA:52,0
DA:53,0
DA:55,0
DA:56,0
DA:58,0
DA:60,0
DA:61,0
DA:66,0
DA:68,0
DA:72,0
DA:74,0
DA:75,0
DA:80,0
DA:83,0
LF:26
LH:5
BRDA:50,0,0,0
BRDA:50,0,1,0
BRDA:60,1,0,0
BRDA:60,1,1,0
BRDA:60,2,0,0
BRDA:60,2,1,0
BRF:6
BRH:0
end_of_record
TN:
SF:src/interceptors/update-genre-movie.interceptor.ts
FN:22,(anonymous_0)
FN:33,(anonymous_1)
FN:42,(anonymous_2)
FN:58,(anonymous_3)
FN:74,(anonymous_4)
FN:78,(anonymous_5)
FNF:6
FNH:0
FNDA:0,(anonymous_0)
FNDA:0,(anonymous_1)
FNDA:0,(anonymous_2)
FNDA:0,(anonymous_3)
FNDA:0,(anonymous_4)
FNDA:0,(anonymous_5)
DA:1,1
DA:9,1
DA:10,1
DA:12,1
DA:19,1
DA:20,1
DA:23,0
DA:24,0
DA:34,0
DA:46,0
DA:48,0
DA:50,0
DA:51,0
DA:52,0
DA:53,0
DA:55,0
DA:56,0
DA:58,0
DA:60,0
DA:61,0
DA:63,0
DA:67,0
DA:69,0
DA:70,0
DA:75,0
DA:78,0
DA:79,0
LF:27
LH:6
BRDA:50,0,0,0
BRDA:50,0,1,0
BRDA:56,1,0,0
BRDA:56,1,1,0
BRDA:56,2,0,0
BRDA:56,2,1,0
BRDA:60,3,0,0
BRDA:60,3,1,0
BRDA:60,4,0,0
BRDA:60,4,1,0
BRF:10
BRH:0
end_of_record
TN:
SF:src/interceptors/update-user-review.interceptor.ts
FN:24,(anonymous_0)
FN:37,(anonymous_1)
FN:46,(anonymous_2)
FN:82,(anonymous_3)
FNF:4
FNH:0
FNDA:0,(anonymous_0)
FNDA:0,(anonymous_1)
FNDA:0,(anonymous_2)
FNDA:0,(anonymous_3)
DA:1,1
DA:2,1
DA:11,1
DA:12,1
DA:14,1
DA:21,1
DA:22,1
DA:26,0
DA:28,0
DA:38,0
DA:50,0
DA:52,0
DA:54,0
DA:55,0
DA:56,0
DA:57,0
DA:59,0
DA:60,0
DA:61,0
DA:70,0
DA:75,0
DA:77,0
DA:78,0
DA:83,0
DA:86,0
LF:25
LH:7
BRDA:54,0,0,0
BRDA:54,0,1,0
BRDA:60,1,0,0
BRDA:60,1,1,0
BRF:4
BRH:0
end_of_record
TN:
SF:src/models/actor.model.ts
FN:32,(anonymous_0)
FNF:1
FNH:1
FNDA:8,(anonymous_0)
DA:1,1
DA:6,1
DA:7,1
DA:14,1
DA:17,1
DA:20,1
DA:23,1
DA:26,1
DA:29,1
DA:33,8
LF:10
LH:10
BRF:0
BRH:0
end_of_record
TN:
SF:src/models/genre.model.ts
FN:21,(anonymous_0)
FNF:1
FNH:1
FNDA:7,(anonymous_0)
DA:1,1
DA:4,1
DA:5,1
DA:12,1
DA:18,1
DA:22,7
LF:6
LH:6
BRF:0
BRH:0
end_of_record
TN:
SF:src/models/index.ts
FNF:0
FNH:0
DA:1,1
DA:2,1
DA:3,1
DA:4,1
DA:5,1
DA:6,1
LF:6
LH:6
BRF:0
BRH:0
end_of_record
TN:
SF:src/models/movie.model.ts
FN:61,(anonymous_0)
FNF:1
FNH:1
FNDA:5,(anonymous_0)
DA:1,1
DA:5,1
DA:6,1
DA:8,1
DA:10,1
DA:15,1
DA:16,1
DA:23,1
DA:26,1
DA:29,1
DA:32,1
DA:35,1
DA:38,1
DA:41,1
DA:44,1
DA:47,1
DA:53,1
DA:62,5
LF:18
LH:18
BRF:0
BRH:0
end_of_record
TN:
SF:src/models/review.model.ts
FN:60,(anonymous_0)
FNF:1
FNH:1
FNDA:4,(anonymous_0)
DA:1,1
DA:4,1
DA:5,1
DA:11,1
DA:14,1
DA:19,1
DA:20,1
DA:26,1
DA:29,1
DA:34,1
DA:35,1
DA:42,1
DA:45,1
DA:48,1
DA:51,1
DA:54,1
DA:57,1
DA:61,4
LF:18
LH:18
BRF:0
BRH:0
end_of_record
TN:
SF:src/models/user-credential.model.ts
FN:22,(anonymous_0)
FN:19,(anonymous_1)
FNF:2
FNH:1
FNDA:35,(anonymous_0)
FNDA:0,(anonymous_1)
DA:1,1
DA:2,1
DA:5,1
DA:6,1
DA:13,1
DA:19,1
DA:23,35
LF:7
LH:7
BRF:0
BRH:0
end_of_record
TN:
SF:src/models/user.model.ts
FN:55,(anonymous_0)
FN:52,(anonymous_1)
FNF:2
FNH:2
FNDA:79,(anonymous_0)
FNDA:320,(anonymous_1)
DA:1,1
DA:2,1
DA:5,1
DA:6,1
DA:13,1
DA:19,1
DA:28,1
DA:34,1
DA:37,1
DA:43,1
DA:49,1
DA:52,320
DA:56,79
LF:13
LH:13
BRF:0
BRH:0
end_of_record
TN:
SF:src/observers/seeder.observer.ts
FN:24,(anonymous_0)
FN:37,(anonymous_1)
FN:44,(anonymous_2)
FN:68,(anonymous_3)
FN:72,(anonymous_4)
FNF:5
FNH:4
FNDA:7,(anonymous_0)
FNDA:7,(anonymous_1)
FNDA:7,(anonymous_2)
FNDA:7,(anonymous_3)
FNDA:0,(anonymous_4)
DA:2,1
DA:7,1
DA:13,1
DA:14,1
DA:15,1
DA:16,1
DA:23,1
DA:26,7
DA:28,7
DA:30,7
DA:45,7
DA:46,7
DA:49,0
DA:51,0
DA:52,0
DA:54,0
DA:55,0
DA:56,0
DA:57,0
DA:61,0
DA:73,0
LF:21
LH:12
BRDA:45,0,0,7
BRDA:45,0,1,0
BRDA:51,1,0,0
BRDA:51,1,1,0
BRF:4
BRH:1
end_of_record
TN:
SF:src/repositories/actor.repository.ts
FN:11,(anonymous_0)
FNF:1
FNH:1
FNDA:7,(anonymous_0)
DA:1,1
DA:2,1
DA:3,1
DA:4,1
DA:6,1
DA:14,7
LF:6
LH:6
BRF:0
BRH:0
end_of_record
TN:
SF:src/repositories/genre.repository.ts
FN:11,(anonymous_0)
FNF:1
FNH:1
FNDA:6,(anonymous_0)
DA:1,1
DA:2,1
DA:3,1
DA:4,1
DA:6,1
DA:14,6
LF:6
LH:6
BRF:0
BRH:0
end_of_record
TN:
SF:src/repositories/index.ts
FNF:0
FNH:0
DA:1,1
DA:2,1
DA:3,1
DA:4,1
DA:5,1
DA:6,1
LF:6
LH:6
BRF:0
BRH:0
end_of_record
TN:
SF:src/repositories/movie.repository.ts
FN:11,(anonymous_0)
FNF:1
FNH:1
FNDA:41,(anonymous_0)
DA:1,1
DA:2,1
DA:3,1
DA:4,1
DA:6,1
DA:14,41
LF:6
LH:6
BRF:0
BRH:0
end_of_record
TN:
SF:src/repositories/review.repository.ts
FN:11,(anonymous_0)
FNF:1
FNH:1
FNDA:8,(anonymous_0)
DA:1,1
DA:2,1
DA:3,1
DA:4,1
DA:6,1
DA:14,8
LF:6
LH:6
BRF:0
BRH:0
end_of_record
TN:
SF:src/repositories/user-credential.repository.ts
FN:11,(anonymous_0)
FNF:1
FNH:1
FNDA:43,(anonymous_0)
DA:1,1
DA:2,1
DA:3,1
DA:4,1
DA:6,1
DA:14,43
LF:6
LH:6
BRF:0
BRH:0
end_of_record
TN:
SF:src/repositories/user.repository.ts
FN:21,(anonymous_0)
FN:39,(anonymous_1)
FN:44,(anonymous_2)
FNF:3
FNH:2
FNDA:103,(anonymous_0)
FNDA:12,(anonymous_1)
FNDA:0,(anonymous_2)
DA:1,1
DA:2,1
DA:7,1
DA:8,1
DA:11,1
DA:24,103
DA:26,103
DA:28,103
DA:33,103
DA:42,12
DA:45,0
DA:46,0
LF:12
LH:10
BRDA:45,0,0,0
BRDA:45,0,1,0
BRF:2
BRH:0
end_of_record
TN:
SF:src/services/upload.service.ts
FN:12,(anonymous_0)
FNF:1
FNH:1
FNDA:40,(anonymous_0)
DA:1,1
DA:2,1
DA:3,1
DA:4,1
DA:11,1
DA:13,40
DA:24,40
LF:7
LH:7
BRDA:25,0,0,40
BRDA:25,0,1,0
BRF:2
BRH:1
end_of_record
TN:
SF:src/services/user.service.ts
FN:14,(anonymous_0)
FN:19,(anonymous_1)
FN:47,(anonymous_2)
FNF:3
FNH:3
FNDA:40,(anonymous_0)
FNDA:13,(anonymous_1)
FNDA:11,(anonymous_2)
DA:2,1
DA:3,1
DA:4,1
DA:6,1
DA:13,1
DA:16,40
DA:20,13
DA:22,13
DA:26,13
DA:28,12
DA:32,12
DA:34,12
DA:39,12
DA:41,12
DA:42,1
DA:44,11
DA:48,11
LF:17
LH:17
BRDA:26,0,0,1
BRDA:26,0,1,12
BRDA:32,1,0,0
BRDA:32,1,1,12
BRDA:39,2,0,0
BRDA:39,2,1,12
BRDA:41,3,0,1
BRDA:41,3,1,11
BRF:8
BRH:6
end_of_record
TN:
SF:src/utils/helpers.ts
FN:20,(anonymous_0)
FN:67,(anonymous_1)
FN:86,(anonymous_2)
FN:97,(anonymous_3)
FNF:4
FNH:1
FNDA:45,(anonymous_0)
FNDA:0,(anonymous_1)
FNDA:0,(anonymous_2)
FNDA:0,(anonymous_3)
DA:20,1
DA:24,45
DA:25,45
DA:26,37
DA:32,8
DA:67,1
DA:80,0
DA:82,0
DA:83,0
DA:85,0
DA:86,0
DA:91,0
DA:92,0
DA:93,0
DA:96,0
DA:97,0
DA:100,0
DA:101,0
DA:103,0
LF:19
LH:6
BRDA:34,0,0,8
BRDA:34,0,1,0
BRDA:34,1,0,8
BRDA:34,1,1,8
BRDA:34,2,0,0
BRDA:34,2,1,8
BRDA:34,3,0,8
BRDA:34,3,1,8
BRDA:78,4,0,0
BRDA:79,5,0,0
BRDA:82,6,0,0
BRDA:82,6,1,0
BRDA:82,7,0,0
BRDA:82,7,1,0
BRDA:85,8,0,0
BRDA:85,8,1,0
BRDA:91,9,0,0
BRDA:91,9,1,0
BRDA:91,10,0,0
BRDA:91,10,1,0
BRDA:96,11,0,0
BRDA:96,11,1,0
BRF:22
BRH:6
end_of_record
TN:
SF:src/utils/index.ts
FNF:0
FNH:0
DA:1,1
LF:1
LH:1
BRF:0
BRH:0
end_of_record
